# JRE version: OpenJDK Runtime Environment (8.0_212-b04) (build 1.8.0_212-release-1586-b04)
# Java VM: OpenJDK 64-Bit Server VM (25.212-b04 mixed mode windows-amd64 compressed oops)
Heap:
 PSYoungGen      total 352768K, used 276584K [0x00000000e0000000, 0x00000000fc300000, 0x0000000100000000)
  eden space 268288K, 97% used [0x00000000e0000000,0x00000000efec3888,0x00000000f0600000)
  from space 84480K, 18% used [0x00000000f7080000,0x00000000f7fd6a90,0x00000000fc300000)
  to   space 96768K, 0% used [0x00000000f0600000,0x00000000f0600000,0x00000000f6480000)
 ParOldGen       total 227840K, used 174270K [0x00000000a0000000, 0x00000000ade80000, 0x00000000e0000000)
  object space 227840K, 76% used [0x00000000a0000000,0x00000000aaa2f950,0x00000000ade80000)
 Metaspace       used 97327K, capacity 104220K, committed 104344K, reserved 1140736K
  class space    used 12609K, capacity 13857K, committed 13976K, reserved 1048576K
GC Heap History (10 events):
Event: 3122.875 GC heap before
{Heap before GC invocations=40 (full 4):
 PSYoungGen      total 365568K, used 281632K [0x00000000e0000000, 0x00000000fe380000, 0x0000000100000000)
  eden space 263680K, 98% used [0x00000000e0000000,0x00000000efcb0a20,0x00000000f0180000)
  from space 101888K, 22% used [0x00000000f0180000,0x00000000f17d7918,0x00000000f6500000)
  to   space 98816K, 0% used [0x00000000f8300000,0x00000000f8300000,0x00000000fe380000)
 ParOldGen       total 227840K, used 173926K [0x00000000a0000000, 0x00000000ade80000, 0x00000000e0000000)
  object space 227840K, 76% used [0x00000000a0000000,0x00000000aa9d9950,0x00000000ade80000)
 Metaspace       used 92942K, capacity 98014K, committed 98072K, reserved 1134592K
  class space    used 12047K, capacity 13060K, committed 13080K, reserved 1048576K
Event: 3122.890 GC heap after
Heap after GC invocations=40 (full 4):
 PSYoungGen      total 393216K, used 15735K [0x00000000e0000000, 0x00000000fe080000, 0x0000000100000000)
  eden space 297472K, 0% used [0x00000000e0000000,0x00000000e0000000,0x00000000f2280000)
  from space 95744K, 16% used [0x00000000f8300000,0x00000000f925dfb8,0x00000000fe080000)
  to   space 97280K, 0% used [0x00000000f2280000,0x00000000f2280000,0x00000000f8180000)
 ParOldGen       total 227840K, used 174190K [0x00000000a0000000, 0x00000000ade80000, 0x00000000e0000000)
  object space 227840K, 76% used [0x00000000a0000000,0x00000000aaa1b950,0x00000000ade80000)
 Metaspace       used 92942K, capacity 98014K, committed 98072K, reserved 1134592K
  class space    used 12047K, capacity 13060K, committed 13080K, reserved 1048576K
}
Event: 3228.405 GC heap before
{Heap before GC invocations=41 (full 4):
 PSYoungGen      total 393216K, used 313207K [0x00000000e0000000, 0x00000000fe080000, 0x0000000100000000)
  eden space 297472K, 100% used [0x00000000e0000000,0x00000000f2280000,0x00000000f2280000)
  from space 95744K, 16% used [0x00000000f8300000,0x00000000f925dfb8,0x00000000fe080000)
  to   space 97280K, 0% used [0x00000000f2280000,0x00000000f2280000,0x00000000f8180000)
 ParOldGen       total 227840K, used 174190K [0x00000000a0000000, 0x00000000ade80000, 0x00000000e0000000)
  object space 227840K, 76% used [0x00000000a0000000,0x00000000aaa1b950,0x00000000ade80000)
 Metaspace       used 93044K, capacity 98088K, committed 98328K, reserved 1134592K
  class space    used 12048K, capacity 13061K, committed 13080K, reserved 1048576K
Event: 3228.462 GC heap after
Heap after GC invocations=41 (full 4):
 PSYoungGen      total 394752K, used 69985K [0x00000000e0000000, 0x0000000100000000, 0x0000000100000000)
  eden space 297472K, 0% used [0x00000000e0000000,0x00000000e0000000,0x00000000f2280000)
  from space 97280K, 71% used [0x00000000f2280000,0x00000000f66d8630,0x00000000f8180000)
  to   space 103424K, 0% used [0x00000000f9b00000,0x00000000f9b00000,0x0000000100000000)
 ParOldGen       total 227840K, used 174246K [0x00000000a0000000, 0x00000000ade80000, 0x00000000e0000000)
  object space 227840K, 76% used [0x00000000a0000000,0x00000000aaa29950,0x00000000ade80000)
 Metaspace       used 93044K, capacity 98088K, committed 98328K, reserved 1134592K
  class space    used 12048K, capacity 13061K, committed 13080K, reserved 1048576K
}
Event: 3786.791 GC heap before
{Heap before GC invocations=42 (full 4):
 PSYoungGen      total 394752K, used 367457K [0x00000000e0000000, 0x0000000100000000, 0x0000000100000000)
  eden space 297472K, 100% used [0x00000000e0000000,0x00000000f2280000,0x00000000f2280000)
  from space 97280K, 71% used [0x00000000f2280000,0x00000000f66d8630,0x00000000f8180000)
  to   space 103424K, 0% used [0x00000000f9b00000,0x00000000f9b00000,0x0000000100000000)
 ParOldGen       total 227840K, used 174246K [0x00000000a0000000, 0x00000000ade80000, 0x00000000e0000000)
  object space 227840K, 76% used [0x00000000a0000000,0x00000000aaa29950,0x00000000ade80000)
 Metaspace       used 94333K, capacity 101024K, committed 101144K, reserved 1136640K
  class space    used 12291K, capacity 13517K, committed 13592K, reserved 1048576K
Event: 3786.798 GC heap after
Heap after GC invocations=42 (full 4):
 PSYoungGen      total 359424K, used 7078K [0x00000000e0000000, 0x00000000fe180000, 0x0000000100000000)
  eden space 287232K, 0% used [0x00000000e0000000,0x00000000e0000000,0x00000000f1880000)
  from space 72192K, 9% used [0x00000000f9b00000,0x00000000fa1e9b00,0x00000000fe180000)
  to   space 102912K, 0% used [0x00000000f1880000,0x00000000f1880000,0x00000000f7d00000)
 ParOldGen       total 227840K, used 174254K [0x00000000a0000000, 0x00000000ade80000, 0x00000000e0000000)
  object space 227840K, 76% used [0x00000000a0000000,0x00000000aaa2b950,0x00000000ade80000)
 Metaspace       used 94333K, capacity 101024K, committed 101144K, reserved 1136640K
  class space    used 12291K, capacity 13517K, committed 13592K, reserved 1048576K
}
Event: 4060.620 GC heap before
{Heap before GC invocations=43 (full 4):
 PSYoungGen      total 359424K, used 294310K [0x00000000e0000000, 0x00000000fe180000, 0x0000000100000000)
  eden space 287232K, 100% used [0x00000000e0000000,0x00000000f1880000,0x00000000f1880000)
  from space 72192K, 9% used [0x00000000f9b00000,0x00000000fa1e9b00,0x00000000fe180000)
  to   space 102912K, 0% used [0x00000000f1880000,0x00000000f1880000,0x00000000f7d00000)
 ParOldGen       total 227840K, used 174254K [0x00000000a0000000, 0x00000000ade80000, 0x00000000e0000000)
  object space 227840K, 76% used [0x00000000a0000000,0x00000000aaa2b950,0x00000000ade80000)
 Metaspace       used 96995K, capacity 103816K, committed 103960K, reserved 1138688K
  class space    used 12591K, capacity 13823K, committed 13848K, reserved 1048576K
Event: 4060.685 GC heap after
Heap after GC invocations=43 (full 4):
 PSYoungGen      total 292864K, used 15029K [0x00000000e0000000, 0x00000000fd200000, 0x0000000100000000)
  eden space 277504K, 0% used [0x00000000e0000000,0x00000000e0000000,0x00000000f0f00000)
  from space 15360K, 97% used [0x00000000f1880000,0x00000000f272d520,0x00000000f2780000)
  to   space 99840K, 0% used [0x00000000f7080000,0x00000000f7080000,0x00000000fd200000)
 ParOldGen       total 227840K, used 174262K [0x00000000a0000000, 0x00000000ade80000, 0x00000000e0000000)
  object space 227840K, 76% used [0x00000000a0000000,0x00000000aaa2d950,0x00000000ade80000)
 Metaspace       used 96995K, capacity 103816K, committed 103960K, reserved 1138688K
  class space    used 12591K, capacity 13823K, committed 13848K, reserved 1048576K
}
Event: 4148.898 GC heap before
{Heap before GC invocations=44 (full 4):
 PSYoungGen      total 292864K, used 292533K [0x00000000e0000000, 0x00000000fd200000, 0x0000000100000000)
  eden space 277504K, 100% used [0x00000000e0000000,0x00000000f0f00000,0x00000000f0f00000)
  from space 15360K, 97% used [0x00000000f1880000,0x00000000f272d520,0x00000000f2780000)
  to   space 99840K, 0% used [0x00000000f7080000,0x00000000f7080000,0x00000000fd200000)
 ParOldGen       total 227840K, used 174262K [0x00000000a0000000, 0x00000000ade80000, 0x00000000e0000000)
  object space 227840K, 76% used [0x00000000a0000000,0x00000000aaa2d950,0x00000000ade80000)
 Metaspace       used 97163K, capacity 103960K, committed 104216K, reserved 1140736K
  class space    used 12592K, capacity 13825K, committed 13848K, reserved 1048576K
Event: 4148.910 GC heap after
Heap after GC invocations=44 (full 4):
 PSYoungGen      total 352768K, used 15706K [0x00000000e0000000, 0x00000000fc300000, 0x0000000100000000)
  eden space 268288K, 0% used [0x00000000e0000000,0x00000000e0000000,0x00000000f0600000)
  from space 84480K, 18% used [0x00000000f7080000,0x00000000f7fd6a90,0x00000000fc300000)
  to   space 96768K, 0% used [0x00000000f0600000,0x00000000f0600000,0x00000000f6480000)
 ParOldGen       total 227840K, used 174270K [0x00000000a0000000, 0x00000000ade80000, 0x00000000e0000000)
  object space 227840K, 76% used [0x00000000a0000000,0x00000000aaa2f950,0x00000000ade80000)
 Metaspace       used 97163K, capacity 103960K, committed 104216K, reserved 1140736K
  class space    used 12592K, capacity 13825K, committed 13848K, reserved 1048576K
}

